<?xml version="1.0" encoding="UTF-8"?>
<<<<<<< HEAD
<testsuite name="com.ssafy.cleanrance.CleanranceApplicationTests" tests="1" skipped="0" failures="0" errors="0" timestamp="2022-04-29T01:50:26" hostname="DESKTOP-KVCQHCD" time="0.074">
  <properties/>
  <testcase name="contextLoads()" classname="com.ssafy.cleanrance.CleanranceApplicationTests" time="0.074"/>
  <system-out><![CDATA[10:50:19.809 [Test worker] DEBUG org.springframework.test.context.BootstrapUtils - Instantiating CacheAwareContextLoaderDelegate from class [org.springframework.test.context.cache.DefaultCacheAwareContextLoaderDelegate]
10:50:19.821 [Test worker] DEBUG org.springframework.test.context.BootstrapUtils - Instantiating BootstrapContext using constructor [public org.springframework.test.context.support.DefaultBootstrapContext(java.lang.Class,org.springframework.test.context.CacheAwareContextLoaderDelegate)]
10:50:19.856 [Test worker] DEBUG org.springframework.test.context.BootstrapUtils - Instantiating TestContextBootstrapper for test class [com.ssafy.cleanrance.CleanranceApplicationTests] from class [org.springframework.boot.test.context.SpringBootTestContextBootstrapper]
10:50:19.869 [Test worker] INFO org.springframework.boot.test.context.SpringBootTestContextBootstrapper - Neither @ContextConfiguration nor @ContextHierarchy found for test class [com.ssafy.cleanrance.CleanranceApplicationTests], using SpringBootContextLoader
10:50:19.872 [Test worker] DEBUG org.springframework.test.context.support.AbstractContextLoader - Did not detect default resource location for test class [com.ssafy.cleanrance.CleanranceApplicationTests]: class path resource [com/ssafy/cleanrance/CleanranceApplicationTests-context.xml] does not exist
10:50:19.872 [Test worker] DEBUG org.springframework.test.context.support.AbstractContextLoader - Did not detect default resource location for test class [com.ssafy.cleanrance.CleanranceApplicationTests]: class path resource [com/ssafy/cleanrance/CleanranceApplicationTestsContext.groovy] does not exist
10:50:19.873 [Test worker] INFO org.springframework.test.context.support.AbstractContextLoader - Could not detect default resource locations for test class [com.ssafy.cleanrance.CleanranceApplicationTests]: no resource found for suffixes {-context.xml, Context.groovy}.
10:50:19.873 [Test worker] INFO org.springframework.test.context.support.AnnotationConfigContextLoaderUtils - Could not detect default configuration classes for test class [com.ssafy.cleanrance.CleanranceApplicationTests]: CleanranceApplicationTests does not declare any static, non-private, non-final, nested classes annotated with @Configuration.
10:50:19.911 [Test worker] DEBUG org.springframework.test.context.support.ActiveProfilesUtils - Could not find an 'annotation declaring class' for annotation type [org.springframework.test.context.ActiveProfiles] and class [com.ssafy.cleanrance.CleanranceApplicationTests]
10:50:19.968 [Test worker] DEBUG org.springframework.context.annotation.ClassPathScanningCandidateComponentProvider - Identified candidate component class: file [C:\Users\SSAFY\IntelliJ\S06P31E203\backend\build\classes\java\main\com\ssafy\cleanrance\CleanranceApplication.class]
10:50:19.970 [Test worker] INFO org.springframework.boot.test.context.SpringBootTestContextBootstrapper - Found @SpringBootConfiguration com.ssafy.cleanrance.CleanranceApplication for test class com.ssafy.cleanrance.CleanranceApplicationTests
10:50:20.066 [Test worker] DEBUG org.springframework.boot.test.context.SpringBootTestContextBootstrapper - @TestExecutionListeners is not present for class [com.ssafy.cleanrance.CleanranceApplicationTests]: using defaults.
10:50:20.066 [Test worker] INFO org.springframework.boot.test.context.SpringBootTestContextBootstrapper - Loaded default TestExecutionListener class names from location [META-INF/spring.factories]: [org.springframework.boot.test.autoconfigure.restdocs.RestDocsTestExecutionListener, org.springframework.boot.test.autoconfigure.web.client.MockRestServiceServerResetTestExecutionListener, org.springframework.boot.test.autoconfigure.web.servlet.MockMvcPrintOnlyOnFailureTestExecutionListener, org.springframework.boot.test.autoconfigure.web.servlet.WebDriverTestExecutionListener, org.springframework.boot.test.autoconfigure.webservices.client.MockWebServiceServerTestExecutionListener, org.springframework.boot.test.mock.mockito.MockitoTestExecutionListener, org.springframework.boot.test.mock.mockito.ResetMocksTestExecutionListener, org.springframework.test.context.web.ServletTestExecutionListener, org.springframework.test.context.support.DirtiesContextBeforeModesTestExecutionListener, org.springframework.test.context.event.ApplicationEventsTestExecutionListener, org.springframework.test.context.support.DependencyInjectionTestExecutionListener, org.springframework.test.context.support.DirtiesContextTestExecutionListener, org.springframework.test.context.transaction.TransactionalTestExecutionListener, org.springframework.test.context.jdbc.SqlScriptsTestExecutionListener, org.springframework.test.context.event.EventPublishingTestExecutionListener]
10:50:20.085 [Test worker] INFO org.springframework.boot.test.context.SpringBootTestContextBootstrapper - Using TestExecutionListeners: [org.springframework.test.context.web.ServletTestExecutionListener@b7c4869, org.springframework.test.context.support.DirtiesContextBeforeModesTestExecutionListener@740d2e78, org.springframework.test.context.event.ApplicationEventsTestExecutionListener@1c481ff2, org.springframework.boot.test.mock.mockito.MockitoTestExecutionListener@72437d8d, org.springframework.boot.test.autoconfigure.SpringBootDependencyInjectionTestExecutionListener@1b955cac, org.springframework.test.context.support.DirtiesContextTestExecutionListener@676cf48, org.springframework.test.context.transaction.TransactionalTestExecutionListener@5a1de7fb, org.springframework.test.context.jdbc.SqlScriptsTestExecutionListener@335b5620, org.springframework.test.context.event.EventPublishingTestExecutionListener@29a0cdb, org.springframework.boot.test.autoconfigure.restdocs.RestDocsTestExecutionListener@32a68f4f, org.springframework.boot.test.autoconfigure.web.client.MockRestServiceServerResetTestExecutionListener@73194df, org.springframework.boot.test.autoconfigure.web.servlet.MockMvcPrintOnlyOnFailureTestExecutionListener@6eb2384f, org.springframework.boot.test.autoconfigure.web.servlet.WebDriverTestExecutionListener@3c9c0d96, org.springframework.boot.test.autoconfigure.webservices.client.MockWebServiceServerTestExecutionListener@3a4621bd, org.springframework.boot.test.mock.mockito.ResetMocksTestExecutionListener@31dadd46]
10:50:20.089 [Test worker] DEBUG org.springframework.test.context.support.AbstractDirtiesContextTestExecutionListener - Before test class: context [DefaultTestContext@bcef303 testClass = CleanranceApplicationTests, testInstance = [null], testMethod = [null], testException = [null], mergedContextConfiguration = [WebMergedContextConfiguration@41709512 testClass = CleanranceApplicationTests, locations = '{}', classes = '{class com.ssafy.cleanrance.CleanranceApplication}', contextInitializerClasses = '[]', activeProfiles = '{}', propertySourceLocations = '{}', propertySourceProperties = '{org.springframework.boot.test.context.SpringBootTestContextBootstrapper=true}', contextCustomizers = set[org.springframework.boot.test.autoconfigure.actuate.metrics.MetricsExportContextCustomizerFactory$DisableMetricExportContextCustomizer@4a003cbe, org.springframework.boot.test.autoconfigure.properties.PropertyMappingContextCustomizer@0, org.springframework.boot.test.autoconfigure.web.servlet.WebDriverContextCustomizerFactory$Customizer@45d84a20, org.springframework.boot.test.context.filter.ExcludeFilterContextCustomizer@c430e6c, org.springframework.boot.test.json.DuplicateJsonObjectContextCustomizerFactory$DuplicateJsonObjectContextCustomizer@72bc6553, org.springframework.boot.test.mock.mockito.MockitoContextCustomizer@0, org.springframework.boot.test.web.client.TestRestTemplateContextCustomizer@2a8448fa, org.springframework.boot.test.context.SpringBootTestArgs@1, org.springframework.boot.test.context.SpringBootTestWebEnvironment@1534f01b], resourceBasePath = 'src/main/webapp', contextLoader = 'org.springframework.boot.test.context.SpringBootContextLoader', parent = [null]], attributes = map['org.springframework.test.context.web.ServletTestExecutionListener.activateListener' -> true]], class annotated with @DirtiesContext [false] with mode [null].
=======
<testsuite name="com.ssafy.cleanrance.CleanranceApplicationTests" tests="1" skipped="0" failures="0" errors="0" timestamp="2022-04-29T01:52:24" hostname="DESKTOP-KVCQHCD" time="0.063">
  <properties/>
  <testcase name="contextLoads()" classname="com.ssafy.cleanrance.CleanranceApplicationTests" time="0.063"/>
  <system-out><![CDATA[10:52:18.285 [Test worker] DEBUG org.springframework.test.context.BootstrapUtils - Instantiating CacheAwareContextLoaderDelegate from class [org.springframework.test.context.cache.DefaultCacheAwareContextLoaderDelegate]
10:52:18.295 [Test worker] DEBUG org.springframework.test.context.BootstrapUtils - Instantiating BootstrapContext using constructor [public org.springframework.test.context.support.DefaultBootstrapContext(java.lang.Class,org.springframework.test.context.CacheAwareContextLoaderDelegate)]
10:52:18.329 [Test worker] DEBUG org.springframework.test.context.BootstrapUtils - Instantiating TestContextBootstrapper for test class [com.ssafy.cleanrance.CleanranceApplicationTests] from class [org.springframework.boot.test.context.SpringBootTestContextBootstrapper]
10:52:18.340 [Test worker] INFO org.springframework.boot.test.context.SpringBootTestContextBootstrapper - Neither @ContextConfiguration nor @ContextHierarchy found for test class [com.ssafy.cleanrance.CleanranceApplicationTests], using SpringBootContextLoader
10:52:18.344 [Test worker] DEBUG org.springframework.test.context.support.AbstractContextLoader - Did not detect default resource location for test class [com.ssafy.cleanrance.CleanranceApplicationTests]: class path resource [com/ssafy/cleanrance/CleanranceApplicationTests-context.xml] does not exist
10:52:18.344 [Test worker] DEBUG org.springframework.test.context.support.AbstractContextLoader - Did not detect default resource location for test class [com.ssafy.cleanrance.CleanranceApplicationTests]: class path resource [com/ssafy/cleanrance/CleanranceApplicationTestsContext.groovy] does not exist
10:52:18.344 [Test worker] INFO org.springframework.test.context.support.AbstractContextLoader - Could not detect default resource locations for test class [com.ssafy.cleanrance.CleanranceApplicationTests]: no resource found for suffixes {-context.xml, Context.groovy}.
10:52:18.345 [Test worker] INFO org.springframework.test.context.support.AnnotationConfigContextLoaderUtils - Could not detect default configuration classes for test class [com.ssafy.cleanrance.CleanranceApplicationTests]: CleanranceApplicationTests does not declare any static, non-private, non-final, nested classes annotated with @Configuration.
10:52:18.379 [Test worker] DEBUG org.springframework.test.context.support.ActiveProfilesUtils - Could not find an 'annotation declaring class' for annotation type [org.springframework.test.context.ActiveProfiles] and class [com.ssafy.cleanrance.CleanranceApplicationTests]
10:52:18.430 [Test worker] DEBUG org.springframework.context.annotation.ClassPathScanningCandidateComponentProvider - Identified candidate component class: file [C:\SSAFY\자율PJT\S06P31E203\backend\build\classes\java\main\com\ssafy\cleanrance\CleanranceApplication.class]
10:52:18.431 [Test worker] INFO org.springframework.boot.test.context.SpringBootTestContextBootstrapper - Found @SpringBootConfiguration com.ssafy.cleanrance.CleanranceApplication for test class com.ssafy.cleanrance.CleanranceApplicationTests
10:52:18.512 [Test worker] DEBUG org.springframework.boot.test.context.SpringBootTestContextBootstrapper - @TestExecutionListeners is not present for class [com.ssafy.cleanrance.CleanranceApplicationTests]: using defaults.
10:52:18.513 [Test worker] INFO org.springframework.boot.test.context.SpringBootTestContextBootstrapper - Loaded default TestExecutionListener class names from location [META-INF/spring.factories]: [org.springframework.boot.test.autoconfigure.restdocs.RestDocsTestExecutionListener, org.springframework.boot.test.autoconfigure.web.client.MockRestServiceServerResetTestExecutionListener, org.springframework.boot.test.autoconfigure.web.servlet.MockMvcPrintOnlyOnFailureTestExecutionListener, org.springframework.boot.test.autoconfigure.web.servlet.WebDriverTestExecutionListener, org.springframework.boot.test.autoconfigure.webservices.client.MockWebServiceServerTestExecutionListener, org.springframework.boot.test.mock.mockito.MockitoTestExecutionListener, org.springframework.boot.test.mock.mockito.ResetMocksTestExecutionListener, org.springframework.test.context.web.ServletTestExecutionListener, org.springframework.test.context.support.DirtiesContextBeforeModesTestExecutionListener, org.springframework.test.context.event.ApplicationEventsTestExecutionListener, org.springframework.test.context.support.DependencyInjectionTestExecutionListener, org.springframework.test.context.support.DirtiesContextTestExecutionListener, org.springframework.test.context.transaction.TransactionalTestExecutionListener, org.springframework.test.context.jdbc.SqlScriptsTestExecutionListener, org.springframework.test.context.event.EventPublishingTestExecutionListener]
10:52:18.530 [Test worker] INFO org.springframework.boot.test.context.SpringBootTestContextBootstrapper - Using TestExecutionListeners: [org.springframework.test.context.web.ServletTestExecutionListener@3fc9504b, org.springframework.test.context.support.DirtiesContextBeforeModesTestExecutionListener@6d025197, org.springframework.test.context.event.ApplicationEventsTestExecutionListener@27d4a09, org.springframework.boot.test.mock.mockito.MockitoTestExecutionListener@7e4204e2, org.springframework.boot.test.autoconfigure.SpringBootDependencyInjectionTestExecutionListener@b7c4869, org.springframework.test.context.support.DirtiesContextTestExecutionListener@740d2e78, org.springframework.test.context.transaction.TransactionalTestExecutionListener@1c481ff2, org.springframework.test.context.jdbc.SqlScriptsTestExecutionListener@72437d8d, org.springframework.test.context.event.EventPublishingTestExecutionListener@1b955cac, org.springframework.boot.test.autoconfigure.restdocs.RestDocsTestExecutionListener@676cf48, org.springframework.boot.test.autoconfigure.web.client.MockRestServiceServerResetTestExecutionListener@5a1de7fb, org.springframework.boot.test.autoconfigure.web.servlet.MockMvcPrintOnlyOnFailureTestExecutionListener@335b5620, org.springframework.boot.test.autoconfigure.web.servlet.WebDriverTestExecutionListener@29a0cdb, org.springframework.boot.test.autoconfigure.webservices.client.MockWebServiceServerTestExecutionListener@32a68f4f, org.springframework.boot.test.mock.mockito.ResetMocksTestExecutionListener@73194df]
10:52:18.533 [Test worker] DEBUG org.springframework.test.context.support.AbstractDirtiesContextTestExecutionListener - Before test class: context [DefaultTestContext@8ad6665 testClass = CleanranceApplicationTests, testInstance = [null], testMethod = [null], testException = [null], mergedContextConfiguration = [WebMergedContextConfiguration@30af5b6b testClass = CleanranceApplicationTests, locations = '{}', classes = '{class com.ssafy.cleanrance.CleanranceApplication}', contextInitializerClasses = '[]', activeProfiles = '{}', propertySourceLocations = '{}', propertySourceProperties = '{org.springframework.boot.test.context.SpringBootTestContextBootstrapper=true}', contextCustomizers = set[org.springframework.boot.test.autoconfigure.actuate.metrics.MetricsExportContextCustomizerFactory$DisableMetricExportContextCustomizer@247310d0, org.springframework.boot.test.autoconfigure.properties.PropertyMappingContextCustomizer@0, org.springframework.boot.test.autoconfigure.web.servlet.WebDriverContextCustomizerFactory$Customizer@304bb45b, org.springframework.boot.test.context.filter.ExcludeFilterContextCustomizer@52f27fbd, org.springframework.boot.test.json.DuplicateJsonObjectContextCustomizerFactory$DuplicateJsonObjectContextCustomizer@4d0d9fe7, org.springframework.boot.test.mock.mockito.MockitoContextCustomizer@0, org.springframework.boot.test.web.client.TestRestTemplateContextCustomizer@740fb309, org.springframework.boot.test.context.SpringBootTestArgs@1, org.springframework.boot.test.context.SpringBootTestWebEnvironment@5c909414], resourceBasePath = 'src/main/webapp', contextLoader = 'org.springframework.boot.test.context.SpringBootContextLoader', parent = [null]], attributes = map['org.springframework.test.context.web.ServletTestExecutionListener.activateListener' -> true]], class annotated with @DirtiesContext [false] with mode [null].
>>>>>>> 4a58e91bb7dc2a95ecb6d19de44b7bdebc261373

  .   ____          _            __ _ _
 /\\ / ___'_ __ _ _(_)_ __  __ _ \ \ \ \
( ( )\___ | '_ | '_| | '_ \/ _` | \ \ \ \
 \\/  ___)| |_)| | | | | || (_| |  ) ) ) )
  '  |____| .__|_| |_|_| |_\__, | / / / /
 =========|_|==============|___/=/_/_/_/
?[32m :: Spring Boot :: ?[39m              ?[2m (v2.6.7)?[0;39m

<<<<<<< HEAD
?[2m2022-04-29 10:50:20.375?[0;39m ?[33m WARN?[0;39m ?[35m4140?[0;39m ?[2m---?[0;39m ?[2m[    Test worker]?[0;39m ?[36mory$DuplicateJsonObjectContextCustomizer?[0;39m ?[2m:?[0;39m 
=======
?[2m2022-04-29 10:52:18.782?[0;39m ?[33m WARN?[0;39m ?[35m14536?[0;39m ?[2m---?[0;39m ?[2m[    Test worker]?[0;39m ?[36mory$DuplicateJsonObjectContextCustomizer?[0;39m ?[2m:?[0;39m 
>>>>>>> 4a58e91bb7dc2a95ecb6d19de44b7bdebc261373

Found multiple occurrences of org.json.JSONObject on the class path:

	jar:file:/C:/Users/SSAFY/.gradle/caches/modules-2/files-2.1/org.json/json/20211205/47032dcf2f69880f07dab3dc60b4b0ad97318308/json-20211205.jar!/org/json/JSONObject.class
	jar:file:/C:/Users/SSAFY/.gradle/caches/modules-2/files-2.1/com.vaadin.external.google/android-json/0.0.20131108.vaadin1/fa26d351fe62a6a17f5cda1287c1c6110dec413f/android-json-0.0.20131108.vaadin1.jar!/org/json/JSONObject.class

You may wish to exclude one of them to ensure predictable runtime behavior

<<<<<<< HEAD
?[2m2022-04-29 10:50:20.390?[0;39m ?[32m INFO?[0;39m ?[35m4140?[0;39m ?[2m---?[0;39m ?[2m[    Test worker]?[0;39m ?[36mc.s.c.CleanranceApplicationTests        ?[0;39m ?[2m:?[0;39m Starting CleanranceApplicationTests using Java 1.8.0_312 on DESKTOP-KVCQHCD with PID 4140 (started by SSAFY in C:\Users\SSAFY\IntelliJ\S06P31E203\backend)
?[2m2022-04-29 10:50:20.391?[0;39m ?[32m INFO?[0;39m ?[35m4140?[0;39m ?[2m---?[0;39m ?[2m[    Test worker]?[0;39m ?[36mc.s.c.CleanranceApplicationTests        ?[0;39m ?[2m:?[0;39m No active profile set, falling back to 1 default profile: "default"
?[2m2022-04-29 10:50:21.297?[0;39m ?[32m INFO?[0;39m ?[35m4140?[0;39m ?[2m---?[0;39m ?[2m[    Test worker]?[0;39m ?[36m.s.d.r.c.RepositoryConfigurationDelegate?[0;39m ?[2m:?[0;39m Bootstrapping Spring Data JPA repositories in DEFAULT mode.
?[2m2022-04-29 10:50:21.366?[0;39m ?[32m INFO?[0;39m ?[35m4140?[0;39m ?[2m---?[0;39m ?[2m[    Test worker]?[0;39m ?[36m.s.d.r.c.RepositoryConfigurationDelegate?[0;39m ?[2m:?[0;39m Finished Spring Data repository scanning in 61 ms. Found 2 JPA repository interfaces.
?[2m2022-04-29 10:50:22.158?[0;39m ?[32m INFO?[0;39m ?[35m4140?[0;39m ?[2m---?[0;39m ?[2m[    Test worker]?[0;39m ?[36mcom.zaxxer.hikari.HikariDataSource      ?[0;39m ?[2m:?[0;39m HikariPool-1 - Starting...
?[2m2022-04-29 10:50:22.690?[0;39m ?[32m INFO?[0;39m ?[35m4140?[0;39m ?[2m---?[0;39m ?[2m[    Test worker]?[0;39m ?[36mcom.zaxxer.hikari.HikariDataSource      ?[0;39m ?[2m:?[0;39m HikariPool-1 - Start completed.
?[2m2022-04-29 10:50:22.749?[0;39m ?[32m INFO?[0;39m ?[35m4140?[0;39m ?[2m---?[0;39m ?[2m[    Test worker]?[0;39m ?[36mo.hibernate.jpa.internal.util.LogHelper ?[0;39m ?[2m:?[0;39m HHH000204: Processing PersistenceUnitInfo [name: default]
?[2m2022-04-29 10:50:22.816?[0;39m ?[32m INFO?[0;39m ?[35m4140?[0;39m ?[2m---?[0;39m ?[2m[    Test worker]?[0;39m ?[36morg.hibernate.Version                   ?[0;39m ?[2m:?[0;39m HHH000412: Hibernate ORM core version 5.6.8.Final
?[2m2022-04-29 10:50:23.024?[0;39m ?[32m INFO?[0;39m ?[35m4140?[0;39m ?[2m---?[0;39m ?[2m[    Test worker]?[0;39m ?[36mo.hibernate.annotations.common.Version  ?[0;39m ?[2m:?[0;39m HCANN000001: Hibernate Commons Annotations {5.1.2.Final}
?[2m2022-04-29 10:50:23.147?[0;39m ?[32m INFO?[0;39m ?[35m4140?[0;39m ?[2m---?[0;39m ?[2m[    Test worker]?[0;39m ?[36morg.hibernate.dialect.Dialect           ?[0;39m ?[2m:?[0;39m HHH000400: Using dialect: org.hibernate.dialect.MySQL57Dialect
?[2m2022-04-29 10:50:23.726?[0;39m ?[32m INFO?[0;39m ?[35m4140?[0;39m ?[2m---?[0;39m ?[2m[    Test worker]?[0;39m ?[36mo.h.e.t.j.p.i.JtaPlatformInitiator      ?[0;39m ?[2m:?[0;39m HHH000490: Using JtaPlatform implementation: [org.hibernate.engine.transaction.jta.platform.internal.NoJtaPlatform]
?[2m2022-04-29 10:50:23.735?[0;39m ?[32m INFO?[0;39m ?[35m4140?[0;39m ?[2m---?[0;39m ?[2m[    Test worker]?[0;39m ?[36mj.LocalContainerEntityManagerFactoryBean?[0;39m ?[2m:?[0;39m Initialized JPA EntityManagerFactory for persistence unit 'default'
?[2m2022-04-29 10:50:24.356?[0;39m ?[33m WARN?[0;39m ?[35m4140?[0;39m ?[2m---?[0;39m ?[2m[    Test worker]?[0;39m ?[36mJpaBaseConfiguration$JpaWebConfiguration?[0;39m ?[2m:?[0;39m spring.jpa.open-in-view is enabled by default. Therefore, database queries may be performed during view rendering. Explicitly configure spring.jpa.open-in-view to disable this warning
?[2m2022-04-29 10:50:25.213?[0;39m ?[32m INFO?[0;39m ?[35m4140?[0;39m ?[2m---?[0;39m ?[2m[    Test worker]?[0;39m ?[36mo.s.s.web.DefaultSecurityFilterChain    ?[0;39m ?[2m:?[0;39m Will secure any request with [org.springframework.security.web.context.request.async.WebAsyncManagerIntegrationFilter@40fee459, org.springframework.security.web.context.SecurityContextPersistenceFilter@6694fb1b, org.springframework.security.web.header.HeaderWriterFilter@17c34e62, org.springframework.web.filter.CorsFilter@bcd9ed6, org.springframework.security.web.authentication.logout.LogoutFilter@675230cd, com.ssafy.cleanrance.global.auth.JwtAuthenticationFilter@3ffa0f38, org.springframework.security.web.savedrequest.RequestCacheAwareFilter@49ea13b6, org.springframework.security.web.servletapi.SecurityContextHolderAwareRequestFilter@342394b3, org.springframework.security.web.authentication.AnonymousAuthenticationFilter@13cc31df, org.springframework.security.web.session.SessionManagementFilter@3c17794e, org.springframework.security.web.access.ExceptionTranslationFilter@337cb81d, org.springframework.security.web.access.intercept.FilterSecurityInterceptor@48333b12]
?[2m2022-04-29 10:50:26.159?[0;39m ?[32m INFO?[0;39m ?[35m4140?[0;39m ?[2m---?[0;39m ?[2m[    Test worker]?[0;39m ?[36mc.s.c.CleanranceApplicationTests        ?[0;39m ?[2m:?[0;39m Started CleanranceApplicationTests in 6.036 seconds (JVM running for 8.066)
=======
?[2m2022-04-29 10:52:18.794?[0;39m ?[32m INFO?[0;39m ?[35m14536?[0;39m ?[2m---?[0;39m ?[2m[    Test worker]?[0;39m ?[36mc.s.c.CleanranceApplicationTests        ?[0;39m ?[2m:?[0;39m Starting CleanranceApplicationTests using Java 1.8.0_192 on DESKTOP-KVCQHCD with PID 14536 (started by SSAFY in C:\SSAFY\자율PJT\S06P31E203\backend)
?[2m2022-04-29 10:52:18.795?[0;39m ?[32m INFO?[0;39m ?[35m14536?[0;39m ?[2m---?[0;39m ?[2m[    Test worker]?[0;39m ?[36mc.s.c.CleanranceApplicationTests        ?[0;39m ?[2m:?[0;39m No active profile set, falling back to 1 default profile: "default"
?[2m2022-04-29 10:52:19.590?[0;39m ?[32m INFO?[0;39m ?[35m14536?[0;39m ?[2m---?[0;39m ?[2m[    Test worker]?[0;39m ?[36m.s.d.r.c.RepositoryConfigurationDelegate?[0;39m ?[2m:?[0;39m Bootstrapping Spring Data JPA repositories in DEFAULT mode.
?[2m2022-04-29 10:52:19.661?[0;39m ?[32m INFO?[0;39m ?[35m14536?[0;39m ?[2m---?[0;39m ?[2m[    Test worker]?[0;39m ?[36m.s.d.r.c.RepositoryConfigurationDelegate?[0;39m ?[2m:?[0;39m Finished Spring Data repository scanning in 62 ms. Found 3 JPA repository interfaces.
?[2m2022-04-29 10:52:20.388?[0;39m ?[32m INFO?[0;39m ?[35m14536?[0;39m ?[2m---?[0;39m ?[2m[    Test worker]?[0;39m ?[36mcom.zaxxer.hikari.HikariDataSource      ?[0;39m ?[2m:?[0;39m HikariPool-1 - Starting...
?[2m2022-04-29 10:52:20.908?[0;39m ?[32m INFO?[0;39m ?[35m14536?[0;39m ?[2m---?[0;39m ?[2m[    Test worker]?[0;39m ?[36mcom.zaxxer.hikari.HikariDataSource      ?[0;39m ?[2m:?[0;39m HikariPool-1 - Start completed.
?[2m2022-04-29 10:52:20.968?[0;39m ?[32m INFO?[0;39m ?[35m14536?[0;39m ?[2m---?[0;39m ?[2m[    Test worker]?[0;39m ?[36mo.hibernate.jpa.internal.util.LogHelper ?[0;39m ?[2m:?[0;39m HHH000204: Processing PersistenceUnitInfo [name: default]
?[2m2022-04-29 10:52:21.024?[0;39m ?[32m INFO?[0;39m ?[35m14536?[0;39m ?[2m---?[0;39m ?[2m[    Test worker]?[0;39m ?[36morg.hibernate.Version                   ?[0;39m ?[2m:?[0;39m HHH000412: Hibernate ORM core version 5.6.8.Final
?[2m2022-04-29 10:52:21.196?[0;39m ?[32m INFO?[0;39m ?[35m14536?[0;39m ?[2m---?[0;39m ?[2m[    Test worker]?[0;39m ?[36mo.hibernate.annotations.common.Version  ?[0;39m ?[2m:?[0;39m HCANN000001: Hibernate Commons Annotations {5.1.2.Final}
?[2m2022-04-29 10:52:21.307?[0;39m ?[32m INFO?[0;39m ?[35m14536?[0;39m ?[2m---?[0;39m ?[2m[    Test worker]?[0;39m ?[36morg.hibernate.dialect.Dialect           ?[0;39m ?[2m:?[0;39m HHH000400: Using dialect: org.hibernate.dialect.MySQL57Dialect
?[2m2022-04-29 10:52:21.820?[0;39m ?[32m INFO?[0;39m ?[35m14536?[0;39m ?[2m---?[0;39m ?[2m[    Test worker]?[0;39m ?[36mo.h.e.t.j.p.i.JtaPlatformInitiator      ?[0;39m ?[2m:?[0;39m HHH000490: Using JtaPlatform implementation: [org.hibernate.engine.transaction.jta.platform.internal.NoJtaPlatform]
?[2m2022-04-29 10:52:21.830?[0;39m ?[32m INFO?[0;39m ?[35m14536?[0;39m ?[2m---?[0;39m ?[2m[    Test worker]?[0;39m ?[36mj.LocalContainerEntityManagerFactoryBean?[0;39m ?[2m:?[0;39m Initialized JPA EntityManagerFactory for persistence unit 'default'
?[2m2022-04-29 10:52:22.417?[0;39m ?[33m WARN?[0;39m ?[35m14536?[0;39m ?[2m---?[0;39m ?[2m[    Test worker]?[0;39m ?[36mJpaBaseConfiguration$JpaWebConfiguration?[0;39m ?[2m:?[0;39m spring.jpa.open-in-view is enabled by default. Therefore, database queries may be performed during view rendering. Explicitly configure spring.jpa.open-in-view to disable this warning
?[2m2022-04-29 10:52:23.243?[0;39m ?[32m INFO?[0;39m ?[35m14536?[0;39m ?[2m---?[0;39m ?[2m[    Test worker]?[0;39m ?[36mo.s.s.web.DefaultSecurityFilterChain    ?[0;39m ?[2m:?[0;39m Will secure any request with [org.springframework.security.web.context.request.async.WebAsyncManagerIntegrationFilter@6371c5ec, org.springframework.security.web.context.SecurityContextPersistenceFilter@3ffa0f38, org.springframework.security.web.header.HeaderWriterFilter@6a299b9d, org.springframework.web.filter.CorsFilter@5f9ccd0c, org.springframework.security.web.authentication.logout.LogoutFilter@5c316230, com.ssafy.cleanrance.global.auth.JwtAuthenticationFilter@6738e8b2, org.springframework.security.web.savedrequest.RequestCacheAwareFilter@24a7d3d3, org.springframework.security.web.servletapi.SecurityContextHolderAwareRequestFilter@440461ef, org.springframework.security.web.authentication.AnonymousAuthenticationFilter@609ad016, org.springframework.security.web.session.SessionManagementFilter@17477bbb, org.springframework.security.web.access.ExceptionTranslationFilter@206bd7a0, org.springframework.security.web.access.intercept.FilterSecurityInterceptor@7b1559f1]
?[2m2022-04-29 10:52:24.166?[0;39m ?[32m INFO?[0;39m ?[35m14536?[0;39m ?[2m---?[0;39m ?[2m[    Test worker]?[0;39m ?[36mc.s.c.CleanranceApplicationTests        ?[0;39m ?[2m:?[0;39m Started CleanranceApplicationTests in 5.605 seconds (JVM running for 6.8)
>>>>>>> 4a58e91bb7dc2a95ecb6d19de44b7bdebc261373
]]></system-out>
  <system-err><![CDATA[]]></system-err>
</testsuite>
