<?xml version="1.0" encoding="UTF-8"?>
<testsuite name="com.ssafy.cleanrance.CleanranceApplicationTests" tests="1" skipped="0" failures="0" errors="0" timestamp="2022-04-26T06:31:49" hostname="DESKTOP-KVCQHCD" time="0.062">
  <properties/>
  <testcase name="contextLoads()" classname="com.ssafy.cleanrance.CleanranceApplicationTests" time="0.062"/>
  <system-out><![CDATA[15:31:43.937 [Test worker] DEBUG org.springframework.test.context.BootstrapUtils - Instantiating CacheAwareContextLoaderDelegate from class [org.springframework.test.context.cache.DefaultCacheAwareContextLoaderDelegate]
15:31:43.949 [Test worker] DEBUG org.springframework.test.context.BootstrapUtils - Instantiating BootstrapContext using constructor [public org.springframework.test.context.support.DefaultBootstrapContext(java.lang.Class,org.springframework.test.context.CacheAwareContextLoaderDelegate)]
15:31:43.980 [Test worker] DEBUG org.springframework.test.context.BootstrapUtils - Instantiating TestContextBootstrapper for test class [com.ssafy.cleanrance.CleanranceApplicationTests] from class [org.springframework.boot.test.context.SpringBootTestContextBootstrapper]
15:31:43.991 [Test worker] INFO org.springframework.boot.test.context.SpringBootTestContextBootstrapper - Neither @ContextConfiguration nor @ContextHierarchy found for test class [com.ssafy.cleanrance.CleanranceApplicationTests], using SpringBootContextLoader
15:31:43.994 [Test worker] DEBUG org.springframework.test.context.support.AbstractContextLoader - Did not detect default resource location for test class [com.ssafy.cleanrance.CleanranceApplicationTests]: class path resource [com/ssafy/cleanrance/CleanranceApplicationTests-context.xml] does not exist
15:31:43.995 [Test worker] DEBUG org.springframework.test.context.support.AbstractContextLoader - Did not detect default resource location for test class [com.ssafy.cleanrance.CleanranceApplicationTests]: class path resource [com/ssafy/cleanrance/CleanranceApplicationTestsContext.groovy] does not exist
15:31:43.995 [Test worker] INFO org.springframework.test.context.support.AbstractContextLoader - Could not detect default resource locations for test class [com.ssafy.cleanrance.CleanranceApplicationTests]: no resource found for suffixes {-context.xml, Context.groovy}.
15:31:43.996 [Test worker] INFO org.springframework.test.context.support.AnnotationConfigContextLoaderUtils - Could not detect default configuration classes for test class [com.ssafy.cleanrance.CleanranceApplicationTests]: CleanranceApplicationTests does not declare any static, non-private, non-final, nested classes annotated with @Configuration.
15:31:44.031 [Test worker] DEBUG org.springframework.test.context.support.ActiveProfilesUtils - Could not find an 'annotation declaring class' for annotation type [org.springframework.test.context.ActiveProfiles] and class [com.ssafy.cleanrance.CleanranceApplicationTests]
15:31:44.084 [Test worker] DEBUG org.springframework.context.annotation.ClassPathScanningCandidateComponentProvider - Identified candidate component class: file [C:\SSAFY\자율PJT\S06P31E203\backend\build\classes\java\main\com\ssafy\cleanrance\CleanranceApplication.class]
15:31:44.086 [Test worker] INFO org.springframework.boot.test.context.SpringBootTestContextBootstrapper - Found @SpringBootConfiguration com.ssafy.cleanrance.CleanranceApplication for test class com.ssafy.cleanrance.CleanranceApplicationTests
15:31:44.171 [Test worker] DEBUG org.springframework.boot.test.context.SpringBootTestContextBootstrapper - @TestExecutionListeners is not present for class [com.ssafy.cleanrance.CleanranceApplicationTests]: using defaults.
15:31:44.171 [Test worker] INFO org.springframework.boot.test.context.SpringBootTestContextBootstrapper - Loaded default TestExecutionListener class names from location [META-INF/spring.factories]: [org.springframework.boot.test.autoconfigure.restdocs.RestDocsTestExecutionListener, org.springframework.boot.test.autoconfigure.web.client.MockRestServiceServerResetTestExecutionListener, org.springframework.boot.test.autoconfigure.web.servlet.MockMvcPrintOnlyOnFailureTestExecutionListener, org.springframework.boot.test.autoconfigure.web.servlet.WebDriverTestExecutionListener, org.springframework.boot.test.autoconfigure.webservices.client.MockWebServiceServerTestExecutionListener, org.springframework.boot.test.mock.mockito.MockitoTestExecutionListener, org.springframework.boot.test.mock.mockito.ResetMocksTestExecutionListener, org.springframework.test.context.web.ServletTestExecutionListener, org.springframework.test.context.support.DirtiesContextBeforeModesTestExecutionListener, org.springframework.test.context.event.ApplicationEventsTestExecutionListener, org.springframework.test.context.support.DependencyInjectionTestExecutionListener, org.springframework.test.context.support.DirtiesContextTestExecutionListener, org.springframework.test.context.transaction.TransactionalTestExecutionListener, org.springframework.test.context.jdbc.SqlScriptsTestExecutionListener, org.springframework.test.context.event.EventPublishingTestExecutionListener]
15:31:44.191 [Test worker] INFO org.springframework.boot.test.context.SpringBootTestContextBootstrapper - Using TestExecutionListeners: [org.springframework.test.context.web.ServletTestExecutionListener@65a15628, org.springframework.test.context.support.DirtiesContextBeforeModesTestExecutionListener@2e6a5539, org.springframework.test.context.event.ApplicationEventsTestExecutionListener@3fc9504b, org.springframework.boot.test.mock.mockito.MockitoTestExecutionListener@6d025197, org.springframework.boot.test.autoconfigure.SpringBootDependencyInjectionTestExecutionListener@27d4a09, org.springframework.test.context.support.DirtiesContextTestExecutionListener@7e4204e2, org.springframework.test.context.transaction.TransactionalTestExecutionListener@b7c4869, org.springframework.test.context.jdbc.SqlScriptsTestExecutionListener@740d2e78, org.springframework.test.context.event.EventPublishingTestExecutionListener@1c481ff2, org.springframework.boot.test.autoconfigure.restdocs.RestDocsTestExecutionListener@72437d8d, org.springframework.boot.test.autoconfigure.web.client.MockRestServiceServerResetTestExecutionListener@1b955cac, org.springframework.boot.test.autoconfigure.web.servlet.MockMvcPrintOnlyOnFailureTestExecutionListener@676cf48, org.springframework.boot.test.autoconfigure.web.servlet.WebDriverTestExecutionListener@5a1de7fb, org.springframework.boot.test.autoconfigure.webservices.client.MockWebServiceServerTestExecutionListener@335b5620, org.springframework.boot.test.mock.mockito.ResetMocksTestExecutionListener@29a0cdb]
15:31:44.194 [Test worker] DEBUG org.springframework.test.context.support.AbstractDirtiesContextTestExecutionListener - Before test class: context [DefaultTestContext@2631f68c testClass = CleanranceApplicationTests, testInstance = [null], testMethod = [null], testException = [null], mergedContextConfiguration = [WebMergedContextConfiguration@6ed3f258 testClass = CleanranceApplicationTests, locations = '{}', classes = '{class com.ssafy.cleanrance.CleanranceApplication}', contextInitializerClasses = '[]', activeProfiles = '{}', propertySourceLocations = '{}', propertySourceProperties = '{org.springframework.boot.test.context.SpringBootTestContextBootstrapper=true}', contextCustomizers = set[org.springframework.boot.test.autoconfigure.actuate.metrics.MetricsExportContextCustomizerFactory$DisableMetricExportContextCustomizer@6be968ce, org.springframework.boot.test.autoconfigure.properties.PropertyMappingContextCustomizer@0, org.springframework.boot.test.autoconfigure.web.servlet.WebDriverContextCustomizerFactory$Customizer@7fd50002, org.springframework.boot.test.context.filter.ExcludeFilterContextCustomizer@28dcca0c, org.springframework.boot.test.json.DuplicateJsonObjectContextCustomizerFactory$DuplicateJsonObjectContextCustomizer@4c163e3, org.springframework.boot.test.mock.mockito.MockitoContextCustomizer@0, org.springframework.boot.test.web.client.TestRestTemplateContextCustomizer@4e5ed836, org.springframework.boot.test.context.SpringBootTestArgs@1, org.springframework.boot.test.context.SpringBootTestWebEnvironment@5cee5251], resourceBasePath = 'src/main/webapp', contextLoader = 'org.springframework.boot.test.context.SpringBootContextLoader', parent = [null]], attributes = map['org.springframework.test.context.web.ServletTestExecutionListener.activateListener' -> true]], class annotated with @DirtiesContext [false] with mode [null].

  .   ____          _            __ _ _
 /\\ / ___'_ __ _ _(_)_ __  __ _ \ \ \ \
( ( )\___ | '_ | '_| | '_ \/ _` | \ \ \ \
 \\/  ___)| |_)| | | | | || (_| |  ) ) ) )
  '  |____| .__|_| |_|_| |_\__, | / / / /
 =========|_|==============|___/=/_/_/_/
?[32m :: Spring Boot :: ?[39m              ?[2m (v2.6.7)?[0;39m

?[2m2022-04-26 15:31:44.459?[0;39m ?[32m INFO?[0;39m ?[35m10524?[0;39m ?[2m---?[0;39m ?[2m[    Test worker]?[0;39m ?[36mc.s.c.CleanranceApplicationTests        ?[0;39m ?[2m:?[0;39m Starting CleanranceApplicationTests using Java 1.8.0_192 on DESKTOP-KVCQHCD with PID 10524 (started by SSAFY in C:\SSAFY\자율PJT\S06P31E203\backend)
?[2m2022-04-26 15:31:44.460?[0;39m ?[32m INFO?[0;39m ?[35m10524?[0;39m ?[2m---?[0;39m ?[2m[    Test worker]?[0;39m ?[36mc.s.c.CleanranceApplicationTests        ?[0;39m ?[2m:?[0;39m No active profile set, falling back to 1 default profile: "default"
?[2m2022-04-26 15:31:45.274?[0;39m ?[32m INFO?[0;39m ?[35m10524?[0;39m ?[2m---?[0;39m ?[2m[    Test worker]?[0;39m ?[36m.s.d.r.c.RepositoryConfigurationDelegate?[0;39m ?[2m:?[0;39m Bootstrapping Spring Data JPA repositories in DEFAULT mode.
?[2m2022-04-26 15:31:45.328?[0;39m ?[32m INFO?[0;39m ?[35m10524?[0;39m ?[2m---?[0;39m ?[2m[    Test worker]?[0;39m ?[36m.s.d.r.c.RepositoryConfigurationDelegate?[0;39m ?[2m:?[0;39m Finished Spring Data repository scanning in 48 ms. Found 1 JPA repository interfaces.
?[2m2022-04-26 15:31:46.036?[0;39m ?[32m INFO?[0;39m ?[35m10524?[0;39m ?[2m---?[0;39m ?[2m[    Test worker]?[0;39m ?[36mcom.zaxxer.hikari.HikariDataSource      ?[0;39m ?[2m:?[0;39m HikariPool-1 - Starting...
?[2m2022-04-26 15:31:46.448?[0;39m ?[32m INFO?[0;39m ?[35m10524?[0;39m ?[2m---?[0;39m ?[2m[    Test worker]?[0;39m ?[36mcom.zaxxer.hikari.HikariDataSource      ?[0;39m ?[2m:?[0;39m HikariPool-1 - Start completed.
?[2m2022-04-26 15:31:46.500?[0;39m ?[32m INFO?[0;39m ?[35m10524?[0;39m ?[2m---?[0;39m ?[2m[    Test worker]?[0;39m ?[36mo.hibernate.jpa.internal.util.LogHelper ?[0;39m ?[2m:?[0;39m HHH000204: Processing PersistenceUnitInfo [name: default]
?[2m2022-04-26 15:31:46.549?[0;39m ?[32m INFO?[0;39m ?[35m10524?[0;39m ?[2m---?[0;39m ?[2m[    Test worker]?[0;39m ?[36morg.hibernate.Version                   ?[0;39m ?[2m:?[0;39m HHH000412: Hibernate ORM core version 5.6.8.Final
?[2m2022-04-26 15:31:46.715?[0;39m ?[32m INFO?[0;39m ?[35m10524?[0;39m ?[2m---?[0;39m ?[2m[    Test worker]?[0;39m ?[36mo.hibernate.annotations.common.Version  ?[0;39m ?[2m:?[0;39m HCANN000001: Hibernate Commons Annotations {5.1.2.Final}
?[2m2022-04-26 15:31:46.825?[0;39m ?[32m INFO?[0;39m ?[35m10524?[0;39m ?[2m---?[0;39m ?[2m[    Test worker]?[0;39m ?[36morg.hibernate.dialect.Dialect           ?[0;39m ?[2m:?[0;39m HHH000400: Using dialect: org.hibernate.dialect.MySQL57Dialect
?[2m2022-04-26 15:31:47.274?[0;39m ?[32m INFO?[0;39m ?[35m10524?[0;39m ?[2m---?[0;39m ?[2m[    Test worker]?[0;39m ?[36mo.h.e.t.j.p.i.JtaPlatformInitiator      ?[0;39m ?[2m:?[0;39m HHH000490: Using JtaPlatform implementation: [org.hibernate.engine.transaction.jta.platform.internal.NoJtaPlatform]
?[2m2022-04-26 15:31:47.282?[0;39m ?[32m INFO?[0;39m ?[35m10524?[0;39m ?[2m---?[0;39m ?[2m[    Test worker]?[0;39m ?[36mj.LocalContainerEntityManagerFactoryBean?[0;39m ?[2m:?[0;39m Initialized JPA EntityManagerFactory for persistence unit 'default'
?[2m2022-04-26 15:31:47.444?[0;39m ?[33m WARN?[0;39m ?[35m10524?[0;39m ?[2m---?[0;39m ?[2m[    Test worker]?[0;39m ?[36mJpaBaseConfiguration$JpaWebConfiguration?[0;39m ?[2m:?[0;39m spring.jpa.open-in-view is enabled by default. Therefore, database queries may be performed during view rendering. Explicitly configure spring.jpa.open-in-view to disable this warning
?[2m2022-04-26 15:31:48.437?[0;39m ?[32m INFO?[0;39m ?[35m10524?[0;39m ?[2m---?[0;39m ?[2m[    Test worker]?[0;39m ?[36mo.s.s.web.DefaultSecurityFilterChain    ?[0;39m ?[2m:?[0;39m Will secure any request with [org.springframework.security.web.context.request.async.WebAsyncManagerIntegrationFilter@669580e2, org.springframework.security.web.context.SecurityContextPersistenceFilter@36ecf9f6, org.springframework.security.web.header.HeaderWriterFilter@190bf8e4, org.springframework.web.filter.CorsFilter@5d22ed6c, org.springframework.security.web.authentication.logout.LogoutFilter@51297528, com.ssafy.cleanrance.global.auth.JwtAuthenticationFilter@37c37d67, org.springframework.security.web.savedrequest.RequestCacheAwareFilter@3bda1f0, org.springframework.security.web.servletapi.SecurityContextHolderAwareRequestFilter@538905d2, org.springframework.security.web.authentication.AnonymousAuthenticationFilter@5a4b8e25, org.springframework.security.web.session.SessionManagementFilter@32428874, org.springframework.security.web.access.ExceptionTranslationFilter@6ec98ccc, org.springframework.security.web.access.intercept.FilterSecurityInterceptor@229749f0]
?[2m2022-04-26 15:31:49.552?[0;39m ?[32m INFO?[0;39m ?[35m10524?[0;39m ?[2m---?[0;39m ?[2m[    Test worker]?[0;39m ?[36mc.s.c.CleanranceApplicationTests        ?[0;39m ?[2m:?[0;39m Started CleanranceApplicationTests in 5.331 seconds (JVM running for 6.539)
]]></system-out>
  <system-err><![CDATA[]]></system-err>
</testsuite>
